<testng-results>
  <reporter-output>
  </reporter-output>
  <suite name="jDAG" duration-ms="78" started-at="2010-09-30T00:26:23Z" finished-at="2010-09-30T00:26:23Z">
    <groups>
      <group name="dag">
        <method signature="org.jdryad.dag.test.GraphBuilderTest.graphBuilderTest()" name="graphBuilderTest" class="org.jdryad.dag.test.GraphBuilderTest"/>
      </group>
    </groups>
    <test name="org.jdryad.dag.test.GraphBuilderTest" duration-ms="78" started-at="2010-09-30T00:26:23Z" finished-at="2010-09-30T00:26:23Z">
      <class name="org.jdryad.dag.test.GraphBuilderTest">
        <test-method status="PASS" signature="graphBuilderTest()" name="graphBuilderTest" duration-ms="47" started-at="2010-09-30T00:26:23Z" finished-at="2010-09-30T00:26:23Z">
        </test-method>
      </class>
    </test>
  </suite>
</testng-results>
